This is pdfTeX, Version 3.14159265-2.6-1.40.20 (MiKTeX 2.9.7140 64-bit) (preloaded format=pdflatex 2019.10.14)  7 FEB 2020 17:07
entering extended mode
**./methodsClassification.tex
(methodsClassification.tex
LaTeX2e <2018-12-01>
("C:\Users\Sandie\AppData\Local\Programs\MiKTeX 2.9\tex/latex/base\article.cls"
Document Class: article 2018/09/03 v1.4i Standard LaTeX document class
("C:\Users\Sandie\AppData\Local\Programs\MiKTeX 2.9\tex/latex/base\size10.clo"
File: size10.clo 2018/09/03 v1.4i Standard LaTeX file (size option)
)
\c@part=\count80
\c@section=\count81
\c@subsection=\count82
\c@subsubsection=\count83
\c@paragraph=\count84
\c@subparagraph=\count85
\c@figure=\count86
\c@table=\count87
\abovecaptionskip=\skip41
\belowcaptionskip=\skip42
\bibindent=\dimen102
)
("C:\Users\Sandie\AppData\Local\Programs\MiKTeX 2.9\tex/latex/geometry\geometry
.sty"
Package: geometry 2018/04/16 v5.8 Page Geometry

("C:\Users\Sandie\AppData\Local\Programs\MiKTeX 2.9\tex/latex/graphics\keyval.s
ty"
Package: keyval 2014/10/28 v1.15 key=value parser (DPC)
\KV@toks@=\toks14
)
("C:\Users\Sandie\AppData\Local\Programs\MiKTeX 2.9\tex/generic/oberdiek\ifpdf.
sty"
Package: ifpdf 2018/09/07 v3.3 Provides the ifpdf switch
)
("C:\Users\Sandie\AppData\Local\Programs\MiKTeX 2.9\tex/generic/oberdiek\ifvtex
.sty"
Package: ifvtex 2016/05/16 v1.6 Detect VTeX and its facilities (HO)
Package ifvtex Info: VTeX not detected.
)
("C:\Users\Sandie\AppData\Local\Programs\MiKTeX 2.9\tex/generic/ifxetex\ifxetex
.sty"
Package: ifxetex 2010/09/12 v0.6 Provides ifxetex conditional
)
\Gm@cnth=\count88
\Gm@cntv=\count89
\c@Gm@tempcnt=\count90
\Gm@bindingoffset=\dimen103
\Gm@wd@mp=\dimen104
\Gm@odd@mp=\dimen105
\Gm@even@mp=\dimen106
\Gm@layoutwidth=\dimen107
\Gm@layoutheight=\dimen108
\Gm@layouthoffset=\dimen109
\Gm@layoutvoffset=\dimen110
\Gm@dimlist=\toks15

("C:\Users\Sandie\AppData\Local\Programs\MiKTeX 2.9\tex/latex/geometry\geometry
.cfg"))
("C:\Users\Sandie\AppData\Local\Programs\MiKTeX 2.9\tex/generic/babel\babel.sty
"
Package: babel 2019/07/19 3.33 The Babel package

("C:\Users\Sandie\AppData\Local\Programs\MiKTeX 2.9\tex/generic/babel\switch.de
f"
File: switch.def 2019/07/19 3.33 Babel switching mechanism
)
*************************************
* Local config file bblopts.cfg used
*
("C:\Users\Sandie\AppData\Local\Programs\MiKTeX 2.9\tex/latex/arabi\bblopts.cfg
"
File: bblopts.cfg 2005/09/08 v0.1 add Arabic and Farsi to "declared" options of
 babel
)
("C:\Users\Sandie\AppData\Local\Programs\MiKTeX 2.9\tex/latex/babel-english\eng
lish.ldf"
Language: english 2017/06/06 v3.3r English support from the babel system

("C:\Users\Sandie\AppData\Local\Programs\MiKTeX 2.9\tex/generic/babel\babel.def
"
File: babel.def 2019/07/19 3.33 Babel common definitions
\babel@savecnt=\count91
\U@D=\dimen111

("C:\Users\Sandie\AppData\Local\Programs\MiKTeX 2.9\tex/generic/babel\txtbabel.
def")
\bbl@dirlevel=\count92
)
\l@canadian = a dialect from \language\l@american 
\l@australian = a dialect from \language\l@british 
\l@newzealand = a dialect from \language\l@british 
))
("C:\Users\Sandie\AppData\Local\Programs\MiKTeX 2.9\tex/latex/psnfss\helvet.sty
"
Package: helvet 2005/04/12 PSNFSS-v9.2a (WaS) 
)
("C:\Users\Sandie\AppData\Local\Programs\MiKTeX 2.9\tex/latex/cmbright\cmbright
.sty"
Package: cmbright 2005/04/13 v8.1 (WaS)
LaTeX Font Info:    Redeclaring symbol font `operators' on input line 29.
LaTeX Font Info:    Overwriting symbol font `operators' in version `normal'
(Font)                  OT1/cmr/m/n --> OT1/cmbr/m/n on input line 29.
LaTeX Font Info:    Overwriting symbol font `operators' in version `bold'
(Font)                  OT1/cmr/bx/n --> OT1/cmbr/m/n on input line 29.
LaTeX Font Info:    Redeclaring symbol font `letters' on input line 30.
LaTeX Font Info:    Overwriting symbol font `letters' in version `normal'
(Font)                  OML/cmm/m/it --> OML/cmbrm/m/it on input line 30.
LaTeX Font Info:    Overwriting symbol font `letters' in version `bold'
(Font)                  OML/cmm/b/it --> OML/cmbrm/m/it on input line 30.
LaTeX Font Info:    Overwriting symbol font `letters' in version `bold'
(Font)                  OML/cmbrm/m/it --> OML/cmbrm/b/it on input line 31.
LaTeX Font Info:    Redeclaring symbol font `symbols' on input line 32.
LaTeX Font Info:    Overwriting symbol font `symbols' in version `normal'
(Font)                  OMS/cmsy/m/n --> OMS/cmbrs/m/n on input line 32.
LaTeX Font Info:    Overwriting symbol font `symbols' in version `bold'
(Font)                  OMS/cmsy/b/n --> OMS/cmbrs/m/n on input line 32.
LaTeX Font Info:    Redeclaring math alphabet \mathit on input line 33.
LaTeX Font Info:    Overwriting math alphabet `\mathit' in version `normal'
(Font)                  OT1/cmr/m/it --> OT1/cmbr/m/sl on input line 33.
LaTeX Font Info:    Overwriting math alphabet `\mathit' in version `bold'
(Font)                  OT1/cmr/bx/it --> OT1/cmbr/m/sl on input line 33.
LaTeX Font Info:    Redeclaring math alphabet \mathbf on input line 34.
LaTeX Font Info:    Overwriting math alphabet `\mathbf' in version `normal'
(Font)                  OT1/cmr/bx/n --> OT1/cmbr/bx/n on input line 34.
LaTeX Font Info:    Overwriting math alphabet `\mathbf' in version `bold'
(Font)                  OT1/cmr/bx/n --> OT1/cmbr/bx/n on input line 34.
LaTeX Font Info:    Redeclaring math alphabet \mathtt on input line 35.
LaTeX Font Info:    Overwriting math alphabet `\mathtt' in version `normal'
(Font)                  OT1/cmtt/m/n --> OT1/cmtl/m/n on input line 35.
LaTeX Font Info:    Overwriting math alphabet `\mathtt' in version `bold'
(Font)                  OT1/cmtt/m/n --> OT1/cmtl/m/n on input line 35.
LaTeX Font Info:    Redeclaring math symbol \alpha on input line 37.
LaTeX Font Info:    Redeclaring math symbol \beta on input line 38.
LaTeX Font Info:    Redeclaring math symbol \gamma on input line 39.
LaTeX Font Info:    Redeclaring math symbol \delta on input line 40.
LaTeX Font Info:    Redeclaring math symbol \epsilon on input line 41.
LaTeX Font Info:    Redeclaring math symbol \zeta on input line 42.
LaTeX Font Info:    Redeclaring math symbol \eta on input line 43.
LaTeX Font Info:    Redeclaring math symbol \theta on input line 44.
LaTeX Font Info:    Redeclaring math symbol \iota on input line 45.
LaTeX Font Info:    Redeclaring math symbol \kappa on input line 46.
LaTeX Font Info:    Redeclaring math symbol \lambda on input line 47.
LaTeX Font Info:    Redeclaring math symbol \mu on input line 48.
LaTeX Font Info:    Redeclaring math symbol \nu on input line 49.
LaTeX Font Info:    Redeclaring math symbol \xi on input line 50.
LaTeX Font Info:    Redeclaring math symbol \pi on input line 51.
LaTeX Font Info:    Redeclaring math symbol \rho on input line 52.
LaTeX Font Info:    Redeclaring math symbol \sigma on input line 53.
LaTeX Font Info:    Redeclaring math symbol \tau on input line 54.
LaTeX Font Info:    Redeclaring math symbol \upsilon on input line 55.
LaTeX Font Info:    Redeclaring math symbol \phi on input line 56.
LaTeX Font Info:    Redeclaring math symbol \chi on input line 57.
LaTeX Font Info:    Redeclaring math symbol \psi on input line 58.
LaTeX Font Info:    Redeclaring math symbol \omega on input line 59.
LaTeX Font Info:    Redeclaring math symbol \varepsilon on input line 60.
LaTeX Font Info:    Redeclaring math symbol \vartheta on input line 61.
LaTeX Font Info:    Redeclaring math symbol \varpi on input line 62.
LaTeX Font Info:    Redeclaring math symbol \varrho on input line 63.
LaTeX Font Info:    Redeclaring math symbol \varsigma on input line 64.
LaTeX Font Info:    Redeclaring math symbol \varphi on input line 65.
LaTeX Info: Redefining \LaTeX on input line 129.
LaTeX Info: Redefining \LaTeXe on input line 139.
LaTeX Font Info:    Try loading font information for OT1+cmbr on input line 144
.

("C:\Users\Sandie\AppData\Local\Programs\MiKTeX 2.9\tex/latex/cmbright\ot1cmbr.
fd"
File: ot1cmbr.fd 2005/04/13 v8.1 (WaS)
))
("C:\Users\Sandie\AppData\Local\Programs\MiKTeX 2.9\tex/latex/preprint\authblk.
sty"
Package: authblk 2001/02/27 1.3 (PWD)
\affilsep=\skip43
\@affilsep=\skip44
\c@Maxaffil=\count93
\c@authors=\count94
\c@affil=\count95
)
("C:\Users\Sandie\AppData\Local\Programs\MiKTeX 2.9\tex/latex/graphics\graphicx
.sty"
Package: graphicx 2017/06/01 v1.1a Enhanced LaTeX Graphics (DPC,SPQR)

("C:\Users\Sandie\AppData\Local\Programs\MiKTeX 2.9\tex/latex/graphics\graphics
.sty"
Package: graphics 2017/06/25 v1.2c Standard LaTeX Graphics (DPC,SPQR)

("C:\Users\Sandie\AppData\Local\Programs\MiKTeX 2.9\tex/latex/graphics\trig.sty
"
Package: trig 2016/01/03 v1.10 sin cos tan (DPC)
)
("C:\Users\Sandie\AppData\Local\Programs\MiKTeX 2.9\tex/latex/graphics-cfg\grap
hics.cfg"
File: graphics.cfg 2016/06/04 v1.11 sample graphics configuration
)
Package graphics Info: Driver file: pdftex.def on input line 99.

("C:\Users\Sandie\AppData\Local\Programs\MiKTeX 2.9\tex/latex/graphics-def\pdft
ex.def"
File: pdftex.def 2018/01/08 v1.0l Graphics/color driver for pdftex
))
\Gin@req@height=\dimen112
\Gin@req@width=\dimen113
)
("C:\Users\Sandie\AppData\Local\Programs\MiKTeX 2.9\tex/latex/amsfonts\amssymb.
sty"
Package: amssymb 2013/01/14 v3.01 AMS font symbols

("C:\Users\Sandie\AppData\Local\Programs\MiKTeX 2.9\tex/latex/amsfonts\amsfonts
.sty"
Package: amsfonts 2013/01/14 v3.01 Basic AMSFonts support
\@emptytoks=\toks16
\symAMSa=\mathgroup4
\symAMSb=\mathgroup5
LaTeX Font Info:    Overwriting math alphabet `\mathfrak' in version `bold'
(Font)                  U/euf/m/n --> U/euf/b/n on input line 106.
))
("C:\Users\Sandie\AppData\Local\Programs\MiKTeX 2.9\tex/latex/url\url.sty"
\Urlmuskip=\muskip10
Package: url 2013/09/16  ver 3.4  Verb mode for urls, etc.
)
("C:\Users\Sandie\AppData\Local\Programs\MiKTeX 2.9\tex/latex/tools\bm.sty"
Package: bm 2017/01/16 v1.2c Bold Symbol Support (DPC/FMi)
\symboldletters=\mathgroup6
LaTeX Info: Redefining \bm on input line 207.
)
(methodsClassification.aux)
\openout1 = `methodsClassification.aux'.

LaTeX Font Info:    Checking defaults for OML/cmm/m/it on input line 17.
LaTeX Font Info:    ... okay on input line 17.
LaTeX Font Info:    Checking defaults for T1/cmr/m/n on input line 17.
LaTeX Font Info:    ... okay on input line 17.
LaTeX Font Info:    Checking defaults for OT1/cmr/m/n on input line 17.
LaTeX Font Info:    ... okay on input line 17.
LaTeX Font Info:    Checking defaults for OMS/cmsy/m/n on input line 17.
LaTeX Font Info:    ... okay on input line 17.
LaTeX Font Info:    Checking defaults for OMX/cmex/m/n on input line 17.
LaTeX Font Info:    ... okay on input line 17.
LaTeX Font Info:    Checking defaults for U/cmr/m/n on input line 17.
LaTeX Font Info:    ... okay on input line 17.

*geometry* driver: auto-detecting
*geometry* detected driver: pdftex
*geometry* verbose mode - [ preamble ] result:
* driver: pdftex
* paper: a4paper
* layout: <same size as paper>
* layoutoffset:(h,v)=(0.0pt,0.0pt)
* bindingoffset: 14.45377pt
* modes: 
* h-part:(L,W,R)=(72.26999pt, 438.51413pt, 72.26999pt)
* v-part:(T,H,B)=(72.26999pt, 700.50687pt, 72.26999pt)
* \paperwidth=597.50787pt
* \paperheight=845.04684pt
* \textwidth=438.51413pt
* \textheight=700.50687pt
* \oddsidemargin=14.45377pt
* \evensidemargin=0.0pt
* \topmargin=-37.0pt
* \headheight=12.0pt
* \headsep=25.0pt
* \topskip=10.0pt
* \footskip=18.06749pt
* \marginparwidth=57.0pt
* \marginparsep=11.0pt
* \columnsep=10.0pt
* \skip\footins=9.0pt plus 4.0pt minus 2.0pt
* \hoffset=0.0pt
* \voffset=0.0pt
* \mag=1000
* \@twocolumnfalse
* \@twosidefalse
* \@mparswitchfalse
* \@reversemarginfalse
* (1in=72.27pt=25.4mm, 1cm=28.453pt)


("C:\Users\Sandie\AppData\Local\Programs\MiKTeX 2.9\tex/context/base/mkii\supp-
pdf.mkii"
[Loading MPS to PDF converter (version 2006.09.02).]
\scratchcounter=\count96
\scratchdimen=\dimen114
\scratchbox=\box27
\nofMPsegments=\count97
\nofMParguments=\count98
\everyMPshowfont=\toks17
\MPscratchCnt=\count99
\MPscratchDim=\dimen115
\MPnumerator=\count100
\makeMPintoPDFobject=\count101
\everyMPtoPDFconversion=\toks18
)
("C:\Users\Sandie\AppData\Local\Programs\MiKTeX 2.9\tex/latex/oberdiek\epstopdf
-base.sty"
Package: epstopdf-base 2016/05/15 v2.6 Base part for package epstopdf

("C:\Users\Sandie\AppData\Local\Programs\MiKTeX 2.9\tex/generic/oberdiek\infwar
err.sty"
Package: infwarerr 2016/05/16 v1.4 Providing info/warning/error messages (HO)
)
("C:\Users\Sandie\AppData\Local\Programs\MiKTeX 2.9\tex/latex/oberdiek\grfext.s
ty"
Package: grfext 2016/05/16 v1.2 Manage graphics extensions (HO)

("C:\Users\Sandie\AppData\Local\Programs\MiKTeX 2.9\tex/generic/oberdiek\kvdefi
nekeys.sty"
Package: kvdefinekeys 2016/05/16 v1.4 Define keys (HO)

("C:\Users\Sandie\AppData\Local\Programs\MiKTeX 2.9\tex/generic/oberdiek\ltxcmd
s.sty"
Package: ltxcmds 2016/05/16 v1.23 LaTeX kernel commands for general use (HO)
)))
("C:\Users\Sandie\AppData\Local\Programs\MiKTeX 2.9\tex/latex/oberdiek\kvoption
s.sty"
Package: kvoptions 2016/05/16 v3.12 Key value format for package options (HO)

("C:\Users\Sandie\AppData\Local\Programs\MiKTeX 2.9\tex/generic/oberdiek\kvsetk
eys.sty"
Package: kvsetkeys 2016/05/16 v1.17 Key value parser (HO)

("C:\Users\Sandie\AppData\Local\Programs\MiKTeX 2.9\tex/generic/oberdiek\etexcm
ds.sty"
Package: etexcmds 2016/05/16 v1.6 Avoid name clashes with e-TeX commands (HO)

("C:\Users\Sandie\AppData\Local\Programs\MiKTeX 2.9\tex/generic/oberdiek\ifluat
ex.sty"
Package: ifluatex 2016/05/16 v1.4 Provides the ifluatex switch (HO)
Package ifluatex Info: LuaTeX not detected.
))))
("C:\Users\Sandie\AppData\Local\Programs\MiKTeX 2.9\tex/generic/oberdiek\pdftex
cmds.sty"
Package: pdftexcmds 2019/07/25 v0.30 Utility functions of pdfTeX for LuaTeX (HO
)
Package pdftexcmds Info: LuaTeX not detected.
Package pdftexcmds Info: \pdf@primitive is available.
Package pdftexcmds Info: \pdf@ifprimitive is available.
Package pdftexcmds Info: \pdfdraftmode found.
)
Package epstopdf-base Info: Redefining graphics rule for `.eps' on input line 4
38.
Package grfext Info: Graphics extension search list:
(grfext)             [.pdf,.png,.jpg,.mps,.jpeg,.jbig2,.jb2,.PDF,.PNG,.JPG,.JPE
G,.JBIG2,.JB2,.eps]
(grfext)             \AppendGraphicsExtensions on input line 456.
)
LaTeX Font Info:    Try loading font information for OML+cmbrm on input line 31
.

("C:\Users\Sandie\AppData\Local\Programs\MiKTeX 2.9\tex/latex/cmbright\omlcmbrm
.fd"
File: omlcmbrm.fd 2005/04/13 v8.1 (WaS)
)
LaTeX Font Info:    Try loading font information for OMS+cmbrs on input line 31
.

("C:\Users\Sandie\AppData\Local\Programs\MiKTeX 2.9\tex/latex/cmbright\omscmbrs
.fd"
File: omscmbrs.fd 2005/04/13 v8.1 (WaS)
)
<./figures/data.png, id=1, 729.927pt x 137.7948pt>
File: ./figures/data.png Graphic file (type png)
<use ./figures/data.png>
Package pdftex.def Info: ./figures/data.png  used on input line 35.
(pdftex.def)             Requested size: 438.51413pt x 82.78264pt.
<./figures/process.png, id=3, 664.4022pt x 63.5976pt>
File: ./figures/process.png Graphic file (type png)
<use ./figures/process.png>
Package pdftex.def Info: ./figures/process.png  used on input line 46.
(pdftex.def)             Requested size: 438.51413pt x 41.97647pt.
 [1

{C:/Users/Sandie/AppData/Local/MiKTeX/2.9/pdftex/config/pdftex.map}

LaTeX Warning: No \author given.

 <./figures/data.png>]
Underfull \hbox (badness 10000) in paragraph at lines 67--71

 []

[2 <./figures/process.png>]
LaTeX Font Info:    Try loading font information for OMS+cmbr on input line 77.


("C:\Users\Sandie\AppData\Local\Programs\MiKTeX 2.9\tex/latex/cmbright\omscmbr.
fd"
File: omscmbr.fd 2005/04/13 v8.1 (WaS)
)
LaTeX Font Info:    Font shape `OMS/cmbr/m/n' in size <10> not available
(Font)              Font shape `OMS/cmbrs/m/n' tried instead on input line 77.


pdfTeX warning: pdflatex (file ./figures/mindmapML.pdf): PDF inclusion: found P
DF version <1.7>, but at most version <1.5> allowed
<./figures/mindmapML.pdf, id=25, 796.95471pt x 384.42117pt>
File: ./figures/mindmapML.pdf Graphic file (type pdf)
<use ./figures/mindmapML.pdf>
Package pdftex.def Info: ./figures/mindmapML.pdf  used on input line 85.
(pdftex.def)             Requested size: 438.51413pt x 211.52614pt.
[3 <./figures/mindmapML.pdf>]
<./figures/featureselection.png, id=47, 478.9092pt x 193.2018pt>
File: ./figures/featureselection.png Graphic file (type png)
<use ./figures/featureselection.png>
Package pdftex.def Info: ./figures/featureselection.png  used on input line 100
.
(pdftex.def)             Requested size: 263.11115pt x 106.14339pt.
 [4 <./figures/featureselection.png>]
<./figures/featureExtraction.png, id=52, 653.3208pt x 149.358pt>
File: ./figures/featureExtraction.png Graphic file (type png)
<use ./figures/featureExtraction.png>
Package pdftex.def Info: ./figures/featureExtraction.png  used on input line 13
6.
(pdftex.def)             Requested size: 438.51413pt x 100.24936pt.
<./figures/comparaisonLDAPCA2.png, id=53, 740.0448pt x 237.0456pt>
File: ./figures/comparaisonLDAPCA2.png Graphic file (type png)
<use ./figures/comparaisonLDAPCA2.png>
Package pdftex.def Info: ./figures/comparaisonLDAPCA2.png  used on input line 1
57.
(pdftex.def)             Requested size: 438.51413pt x 140.46333pt.
 [5 <./figures/featureExtraction.png>]
<./figures/LinearNonLinear.png, id=58, 499.6266pt x 237.0456pt>
File: ./figures/LinearNonLinear.png Graphic file (type png)
<use ./figures/LinearNonLinear.png>
Package pdftex.def Info: ./figures/LinearNonLinear.png  used on input line 171.

(pdftex.def)             Requested size: 285.0315pt x 135.2295pt.
<./figures/perceptron.png, id=59, 331.4784pt x 191.2746pt>
File: ./figures/perceptron.png Graphic file (type png)
<use ./figures/perceptron.png>
Package pdftex.def Info: ./figures/perceptron.png  used on input line 185.
(pdftex.def)             Requested size: 175.40297pt x 101.21451pt.
 [6 <./figures/comparaisonLDAPCA2.png> <./figures/LinearNonLinear.png>]
<./figures/sigmoid.png, id=65, 468.3096pt x 199.4652pt>
File: ./figures/sigmoid.png Graphic file (type png)
<use ./figures/sigmoid.png>
Package pdftex.def Info: ./figures/sigmoid.png  used on input line 231.
(pdftex.def)             Requested size: 263.11115pt x 112.07106pt.
 [7 <./figures/perceptron.png>]
<./figures/KNNIlustration.png, id=72, 714.5094pt x 227.8914pt>
File: ./figures/KNNIlustration.png Graphic file (type png)
<use ./figures/KNNIlustration.png>
Package pdftex.def Info: ./figures/KNNIlustration.png  used on input line 260.
(pdftex.def)             Requested size: 438.51413pt x 139.86201pt.
 [8 <./figures/sigmoid.png>]
<./figures/DT.png, id=78, 722.7pt x 227.4096pt>
File: ./figures/DT.png Graphic file (type png)
<use ./figures/DT.png>
Package pdftex.def Info: ./figures/DT.png  used on input line 283.
(pdftex.def)             Requested size: 350.81264pt x 110.3872pt.

[9 <./figures/KNNIlustration.png> <./figures/DT.png>]
<./figures/RF.png, id=84, 327.1422pt x 413.3844pt>
File: ./figures/RF.png Graphic file (type png)
<use ./figures/RF.png>
Package pdftex.def Info: ./figures/RF.png  used on input line 319.
(pdftex.def)             Requested size: 175.40297pt x 221.641pt.
<./figures/SVM.png, id=85, 448.5558pt x 224.5188pt>
File: ./figures/SVM.png Graphic file (type png)
<use ./figures/SVM.png>
Package pdftex.def Info: ./figures/SVM.png  used on input line 333.
(pdftex.def)             Requested size: 263.11115pt x 131.70096pt.
<./figures/KernelTrick.png, id=86, 512.1534pt x 225.0006pt>
File: ./figures/KernelTrick.png Graphic file (type png)
<use ./figures/KernelTrick.png>
Package pdftex.def Info: ./figures/KernelTrick.png  used on input line 344.
(pdftex.def)             Requested size: 328.88559pt x 144.49426pt.
 [10] [11 <./figures/RF.png> <./figures/SVM.png> <./figures/KernelTrick.png>]
<./figures/MLP.png, id=96, 497.2176pt x 365.6862pt>
File: ./figures/MLP.png Graphic file (type png)
<use ./figures/MLP.png>
Package pdftex.def Info: ./figures/MLP.png  used on input line 358.
(pdftex.def)             Requested size: 328.88559pt x 241.89488pt.
 [12 <./figures/MLP.png>]
<./figures/ConfusionMatrix.png, id=101, 361.8318pt x 97.8054pt>
File: ./figures/ConfusionMatrix.png Graphic file (type png)
<use ./figures/ConfusionMatrix.png>
Package pdftex.def Info: ./figures/ConfusionMatrix.png  used on input line 388.

(pdftex.def)             Requested size: 219.25706pt x 59.2657pt.

[13 <./figures/ConfusionMatrix.png>]
<./figures/holdout.png, id=107, 433.62pt x 82.3878pt>
File: ./figures/holdout.png Graphic file (type png)
<use ./figures/holdout.png>
Package pdftex.def Info: ./figures/holdout.png  used on input line 486.
(pdftex.def)             Requested size: 350.81264pt x 66.65704pt.
 [14 <./figures/holdout.png>]
<./figures/kfold.png, id=112, 549.252pt x 218.7372pt>
File: ./figures/kfold.png Graphic file (type png)
<use ./figures/kfold.png>
Package pdftex.def Info: ./figures/kfold.png  used on input line 500.
(pdftex.def)             Requested size: 350.81264pt x 139.70761pt.
<./figures/loocv.png, id=113, 603.2136pt x 358.4592pt>
File: ./figures/loocv.png Graphic file (type png)
<use ./figures/loocv.png>
Package pdftex.def Info: ./figures/loocv.png  used on input line 512.
(pdftex.def)             Requested size: 350.81264pt x 208.47531pt.
 [15 <./figures/kfold.png> <./figures/loocv.png>] (methodsClassification.bbl

LaTeX Font Warning: Font shape `OT1/cmbr/m/sc' undefined
(Font)              using `OT1/cmbr/m/n' instead on input line 4.

LaTeX Font Info:    Font shape `OT1/cmbr/m/it' in size <10> not available
(Font)              Font shape `OT1/cmbr/m/sl' tried instead on input line 6.
[16]) [17] (methodsClassification.aux)

LaTeX Font Warning: Some font shapes were not available, defaults substituted.

 ) 
Here is how much of TeX's memory you used:
 3241 strings out of 492895
 48637 string characters out of 3123267
 125170 words of memory out of 3000000
 7067 multiletter control sequences out of 15000+200000
 15043 words of font info for 55 fonts, out of 3000000 for 9000
 1141 hyphenation exceptions out of 8191
 41i,8n,27p,1198b,225s stack positions out of 5000i,500n,10000p,200000b,50000s
 <C:\Users\Sandie\AppData\Local\MiKTeX\2.9\fonts/pk/ljfour/public/cmbright/dp
i600\cmbrsl10.pk> <C:\Users\Sandie\AppData\Local\MiKTeX\2.9\fonts/pk/ljfour/pub
lic/cmbright/dpi525\cmbrsy8.pk> <C:\Users\Sandie\AppData\Local\MiKTeX\2.9\fonts
/pk/ljfour/public/cmbright/dpi720\cmbrbx10.pk> <C:\Users\Sandie\AppData\Local\M
iKTeX\2.9\fonts/pk/ljfour/public/cmbright/dpi600\cmbrbx10.pk> <C:\Users\Sandie\
AppData\Local\MiKTeX\2.9\fonts/pk/ljfour/public/cmbright/dpi600\cmbr8.pk> <C:\U
sers\Sandie\AppData\Local\MiKTeX\2.9\fonts/pk/ljfour/public/cmbright/dpi450\cmb
r8.pk> <C:\Users\Sandie\AppData\Local\MiKTeX\2.9\fonts/pk/ljfour/public/cmbrigh
t/dpi525\cmbrmi8.pk> <C:\Users\Sandie\AppData\Local\MiKTeX\2.9\fonts/pk/ljfour/
public/cmbright/dpi600\cmbrsy10.pk> <C:\Users\Sandie\AppData\Local\MiKTeX\2.9\f
onts/pk/ljfour/public/cmbright/dpi525\cmbr8.pk> <C:\Users\Sandie\AppData\Local\
MiKTeX\2.9\fonts/pk/ljfour/public/cmbright/dpi600\cmbrmi10.pk> <C:\Users\Sandie
\AppData\Local\MiKTeX\2.9\fonts/pk/ljfour/public/cmbright/dpi600\cmbrmb10.pk> <
C:\Users\Sandie\AppData\Local\MiKTeX\2.9\fonts/pk/ljfour/public/cmbright/dpi864
\cmbrbx10.pk> <C:\Users\Sandie\AppData\Local\MiKTeX\2.9\fonts/pk/ljfour/public/
cmbright/dpi600\cmbr10.pk> <C:\Users\Sandie\AppData\Local\MiKTeX\2.9\fonts/pk/l
jfour/public/cmbright/dpi720\cmbr10.pk> <C:\Users\Sandie\AppData\Local\MiKTeX\2
.9\fonts/pk/ljfour/public/cmbright/dpi600\cmbr17.pk><C:/Users/Sandie/AppData/Lo
cal/Programs/MiKTeX 2.9/fonts/type1/public/amsfonts/cm/cmex10.pfb>
Output written on methodsClassification.pdf (17 pages, 820469 bytes).
PDF statistics:
 560 PDF objects out of 1000 (max. 8388607)
 0 named destinations out of 1000 (max. 500000)
 96 words of extra memory for PDF output out of 10000 (max. 10000000)

